2023-08-24 10:47:36.674  INFO 24212 --- [main] com.mainproject.AniplantApplication      : Starting AniplantApplication using Java 17.0.7 on DESKTOP-CTGB9VO with PID 24212 (C:\finalproject\0731\Bootcamp-MainProject-Aniplant\bin\main started by morib in C:\finalproject\0731\Bootcamp-MainProject-Aniplant)
2023-08-24 10:47:36.678  INFO 24212 --- [main] com.mainproject.AniplantApplication      : No active profile set, falling back to 1 default profile: "default"
2023-08-24 10:47:37.640  WARN 24212 --- [main] o.m.s.mapper.ClassPathMapperScanner      : No MyBatis mapper was found in '[com.mainproject]' package. Please check your configuration.
2023-08-24 10:47:38.045  INFO 24212 --- [main] o.s.b.w.embedded.tomcat.TomcatWebServer  : Tomcat initialized with port(s): 8080 (http)
2023-08-24 10:47:38.062  INFO 24212 --- [main] o.apache.catalina.core.StandardService   : Starting service [Tomcat]
2023-08-24 10:47:38.062  INFO 24212 --- [main] org.apache.catalina.core.StandardEngine  : Starting Servlet engine: [Apache Tomcat/9.0.79]
2023-08-24 10:47:38.207  INFO 24212 --- [main] o.a.c.c.C.[Tomcat].[localhost].[/]       : Initializing Spring embedded WebApplicationContext
2023-08-24 10:47:38.207  INFO 24212 --- [main] w.s.c.ServletWebServerApplicationContext : Root WebApplicationContext: initialization completed in 1277 ms
2023-08-24 10:47:38.724  INFO 24212 --- [main] o.s.s.web.DefaultSecurityFilterChain     : Will secure any request with [org.springframework.security.web.session.DisableEncodeUrlFilter@2f15a964, org.springframework.security.web.context.request.async.WebAsyncManagerIntegrationFilter@3111631d, org.springframework.security.web.context.SecurityContextPersistenceFilter@5520f675, org.springframework.security.web.header.HeaderWriterFilter@9b2dc56, org.springframework.security.web.authentication.logout.LogoutFilter@3ca3648, org.springframework.security.web.authentication.UsernamePasswordAuthenticationFilter@414b2df5, org.springframework.security.web.savedrequest.RequestCacheAwareFilter@48f2054d, org.springframework.security.web.servletapi.SecurityContextHolderAwareRequestFilter@4b3a01d8, org.springframework.security.web.authentication.AnonymousAuthenticationFilter@2d70f312, org.springframework.security.web.session.SessionManagementFilter@7761e342, org.springframework.security.web.access.ExceptionTranslationFilter@ad3f70a, org.springframework.security.web.access.intercept.FilterSecurityInterceptor@407b8435]
2023-08-24 10:47:38.882  INFO 24212 --- [main] o.s.b.a.w.s.WelcomePageHandlerMapping    : Adding welcome page template: index
2023-08-24 10:47:39.269  INFO 24212 --- [main] o.s.b.w.embedded.tomcat.TomcatWebServer  : Tomcat started on port(s): 8080 (http) with context path ''
2023-08-24 10:47:39.279  INFO 24212 --- [main] com.mainproject.AniplantApplication      : Started AniplantApplication in 3.049 seconds (JVM running for 3.94)
2023-08-24 10:47:53.040  INFO 24212 --- [http-nio-8080-exec-1] o.a.c.c.C.[Tomcat].[localhost].[/]       : Initializing Spring DispatcherServlet 'dispatcherServlet'
2023-08-24 10:47:53.040  INFO 24212 --- [http-nio-8080-exec-1] o.s.web.servlet.DispatcherServlet        : Initializing Servlet 'dispatcherServlet'
2023-08-24 10:47:53.041  INFO 24212 --- [http-nio-8080-exec-1] o.s.web.servlet.DispatcherServlet        : Completed initialization in 1 ms
2023-08-24 10:47:59.016  INFO 24212 --- [http-nio-8080-exec-9] com.zaxxer.hikari.HikariDataSource       : HikariPool-1 - Starting...
2023-08-24 10:47:59.245  INFO 24212 --- [http-nio-8080-exec-9] com.zaxxer.hikari.HikariDataSource       : HikariPool-1 - Start completed.
2023-08-24 10:47:59.908  WARN 24212 --- [http-nio-8080-exec-10] n.n.u.t.l.fragments.FragmentProcessor    : You don't need to put the layout:fragment/data-layout-fragment attribute into the <head> section - the decoration process will automatically copy the <head> section of your content templates into your layout page.
2023-08-24 10:54:30.940  INFO 24212 --- [RMI TCP Connection(14)-127.0.0.1] inMXBeanRegistrar$SpringApplicationAdmin : Application shutdown requested.
2023-08-24 10:54:30.979  INFO 24212 --- [RMI TCP Connection(14)-127.0.0.1] o.apache.catalina.core.StandardService   : Stopping service [Tomcat]
2023-08-24 10:54:30.981  INFO 24212 --- [RMI TCP Connection(14)-127.0.0.1] o.a.c.c.C.[Tomcat].[localhost].[/]       : Destroying Spring FrameworkServlet 'dispatcherServlet'
2023-08-24 10:54:30.984  WARN 24212 --- [RMI TCP Connection(14)-127.0.0.1] o.a.c.loader.WebappClassLoaderBase       : The web application [ROOT] appears to have started a thread named [HikariPool-1 housekeeper] but has failed to stop it. This is very likely to create a memory leak. Stack trace of thread:
 java.base@17.0.7/jdk.internal.misc.Unsafe.park(Native Method)
 java.base@17.0.7/java.util.concurrent.locks.LockSupport.parkNanos(LockSupport.java:252)
 java.base@17.0.7/java.util.concurrent.locks.AbstractQueuedSynchronizer$ConditionObject.awaitNanos(AbstractQueuedSynchronizer.java:1672)
 java.base@17.0.7/java.util.concurrent.ScheduledThreadPoolExecutor$DelayedWorkQueue.take(ScheduledThreadPoolExecutor.java:1182)
 java.base@17.0.7/java.util.concurrent.ScheduledThreadPoolExecutor$DelayedWorkQueue.take(ScheduledThreadPoolExecutor.java:899)
 java.base@17.0.7/java.util.concurrent.ThreadPoolExecutor.getTask(ThreadPoolExecutor.java:1062)
 java.base@17.0.7/java.util.concurrent.ThreadPoolExecutor.runWorker(ThreadPoolExecutor.java:1122)
 java.base@17.0.7/java.util.concurrent.ThreadPoolExecutor$Worker.run(ThreadPoolExecutor.java:635)
 java.base@17.0.7/java.lang.Thread.run(Thread.java:833)
2023-08-24 10:54:30.989  INFO 24212 --- [RMI TCP Connection(14)-127.0.0.1] com.zaxxer.hikari.HikariDataSource       : HikariPool-1 - Shutdown initiated...
2023-08-24 10:54:30.998  INFO 24212 --- [RMI TCP Connection(14)-127.0.0.1] com.zaxxer.hikari.HikariDataSource       : HikariPool-1 - Shutdown completed.
2023-08-24 10:54:34.432  INFO 21260 --- [main] com.mainproject.AniplantApplication      : Starting AniplantApplication using Java 17.0.7 on DESKTOP-CTGB9VO with PID 21260 (C:\finalproject\0731\Bootcamp-MainProject-Aniplant\bin\main started by morib in C:\finalproject\0731\Bootcamp-MainProject-Aniplant)
2023-08-24 10:54:34.435  INFO 21260 --- [main] com.mainproject.AniplantApplication      : No active profile set, falling back to 1 default profile: "default"
2023-08-24 10:54:35.332  WARN 21260 --- [main] o.m.s.mapper.ClassPathMapperScanner      : No MyBatis mapper was found in '[com.mainproject]' package. Please check your configuration.
2023-08-24 10:54:35.753  INFO 21260 --- [main] o.s.b.w.embedded.tomcat.TomcatWebServer  : Tomcat initialized with port(s): 8080 (http)
2023-08-24 10:54:35.767  INFO 21260 --- [main] o.apache.catalina.core.StandardService   : Starting service [Tomcat]
2023-08-24 10:54:35.768  INFO 21260 --- [main] org.apache.catalina.core.StandardEngine  : Starting Servlet engine: [Apache Tomcat/9.0.79]
2023-08-24 10:54:35.952  INFO 21260 --- [main] o.a.c.c.C.[Tomcat].[localhost].[/]       : Initializing Spring embedded WebApplicationContext
2023-08-24 10:54:35.952  INFO 21260 --- [main] w.s.c.ServletWebServerApplicationContext : Root WebApplicationContext: initialization completed in 1268 ms
2023-08-24 10:54:36.463  INFO 21260 --- [main] o.s.s.web.DefaultSecurityFilterChain     : Will secure any request with [org.springframework.security.web.session.DisableEncodeUrlFilter@782fd504, org.springframework.security.web.context.request.async.WebAsyncManagerIntegrationFilter@1537c744, org.springframework.security.web.context.SecurityContextPersistenceFilter@37ca3ca8, org.springframework.security.web.header.HeaderWriterFilter@374ccb9, org.springframework.security.web.authentication.logout.LogoutFilter@47058864, org.springframework.security.web.authentication.UsernamePasswordAuthenticationFilter@21002393, org.springframework.security.web.savedrequest.RequestCacheAwareFilter@6321a5aa, org.springframework.security.web.servletapi.SecurityContextHolderAwareRequestFilter@1c7f9861, org.springframework.security.web.authentication.AnonymousAuthenticationFilter@37314843, org.springframework.security.web.session.SessionManagementFilter@2ab09943, org.springframework.security.web.access.ExceptionTranslationFilter@2c7c0e36, org.springframework.security.web.access.intercept.FilterSecurityInterceptor@3e03046d]
2023-08-24 10:54:36.633  INFO 21260 --- [main] o.s.b.a.w.s.WelcomePageHandlerMapping    : Adding welcome page template: index
2023-08-24 10:54:37.075  INFO 21260 --- [main] o.s.b.w.embedded.tomcat.TomcatWebServer  : Tomcat started on port(s): 8080 (http) with context path ''
2023-08-24 10:54:37.086  INFO 21260 --- [main] com.mainproject.AniplantApplication      : Started AniplantApplication in 3.149 seconds (JVM running for 4.017)
2023-08-24 10:54:45.527  INFO 21260 --- [http-nio-8080-exec-1] o.a.c.c.C.[Tomcat].[localhost].[/]       : Initializing Spring DispatcherServlet 'dispatcherServlet'
2023-08-24 10:54:45.528  INFO 21260 --- [http-nio-8080-exec-1] o.s.web.servlet.DispatcherServlet        : Initializing Servlet 'dispatcherServlet'
2023-08-24 10:54:45.529  INFO 21260 --- [http-nio-8080-exec-1] o.s.web.servlet.DispatcherServlet        : Completed initialization in 1 ms
2023-08-24 10:54:45.692  WARN 21260 --- [http-nio-8080-exec-1] o.a.c.util.SessionIdGeneratorBase        : Creation of SecureRandom instance for session ID generation using [SHA1PRNG] took [108] milliseconds.
2023-08-24 10:54:52.416  INFO 21260 --- [http-nio-8080-exec-9] com.zaxxer.hikari.HikariDataSource       : HikariPool-1 - Starting...
2023-08-24 10:54:52.639  INFO 21260 --- [http-nio-8080-exec-9] com.zaxxer.hikari.HikariDataSource       : HikariPool-1 - Start completed.
2023-08-24 10:54:53.273  WARN 21260 --- [http-nio-8080-exec-10] n.n.u.t.l.fragments.FragmentProcessor    : You don't need to put the layout:fragment/data-layout-fragment attribute into the <head> section - the decoration process will automatically copy the <head> section of your content templates into your layout page.
2023-08-24 10:55:29.025  INFO 21260 --- [RMI TCP Connection(8)-127.0.0.1] inMXBeanRegistrar$SpringApplicationAdmin : Application shutdown requested.
2023-08-24 10:55:29.059  INFO 21260 --- [RMI TCP Connection(8)-127.0.0.1] o.apache.catalina.core.StandardService   : Stopping service [Tomcat]
2023-08-24 10:55:29.061  INFO 21260 --- [RMI TCP Connection(8)-127.0.0.1] o.a.c.c.C.[Tomcat].[localhost].[/]       : Destroying Spring FrameworkServlet 'dispatcherServlet'
2023-08-24 10:55:29.063  WARN 21260 --- [RMI TCP Connection(8)-127.0.0.1] o.a.c.loader.WebappClassLoaderBase       : The web application [ROOT] appears to have started a thread named [HikariPool-1 housekeeper] but has failed to stop it. This is very likely to create a memory leak. Stack trace of thread:
 java.base@17.0.7/jdk.internal.misc.Unsafe.park(Native Method)
 java.base@17.0.7/java.util.concurrent.locks.LockSupport.parkNanos(LockSupport.java:252)
 java.base@17.0.7/java.util.concurrent.locks.AbstractQueuedSynchronizer$ConditionObject.awaitNanos(AbstractQueuedSynchronizer.java:1672)
 java.base@17.0.7/java.util.concurrent.ScheduledThreadPoolExecutor$DelayedWorkQueue.take(ScheduledThreadPoolExecutor.java:1182)
 java.base@17.0.7/java.util.concurrent.ScheduledThreadPoolExecutor$DelayedWorkQueue.take(ScheduledThreadPoolExecutor.java:899)
 java.base@17.0.7/java.util.concurrent.ThreadPoolExecutor.getTask(ThreadPoolExecutor.java:1062)
 java.base@17.0.7/java.util.concurrent.ThreadPoolExecutor.runWorker(ThreadPoolExecutor.java:1122)
 java.base@17.0.7/java.util.concurrent.ThreadPoolExecutor$Worker.run(ThreadPoolExecutor.java:635)
 java.base@17.0.7/java.lang.Thread.run(Thread.java:833)
2023-08-24 10:55:29.069  INFO 21260 --- [RMI TCP Connection(8)-127.0.0.1] com.zaxxer.hikari.HikariDataSource       : HikariPool-1 - Shutdown initiated...
2023-08-24 10:55:29.077  INFO 21260 --- [RMI TCP Connection(8)-127.0.0.1] com.zaxxer.hikari.HikariDataSource       : HikariPool-1 - Shutdown completed.
2023-08-24 10:55:31.234  INFO 21628 --- [main] com.mainproject.AniplantApplication      : Starting AniplantApplication using Java 17.0.7 on DESKTOP-CTGB9VO with PID 21628 (C:\finalproject\0731\Bootcamp-MainProject-Aniplant\bin\main started by morib in C:\finalproject\0731\Bootcamp-MainProject-Aniplant)
2023-08-24 10:55:31.237  INFO 21628 --- [main] com.mainproject.AniplantApplication      : No active profile set, falling back to 1 default profile: "default"
2023-08-24 10:55:32.164  WARN 21628 --- [main] o.m.s.mapper.ClassPathMapperScanner      : No MyBatis mapper was found in '[com.mainproject]' package. Please check your configuration.
2023-08-24 10:55:32.567  INFO 21628 --- [main] o.s.b.w.embedded.tomcat.TomcatWebServer  : Tomcat initialized with port(s): 8080 (http)
2023-08-24 10:55:32.583  INFO 21628 --- [main] o.apache.catalina.core.StandardService   : Starting service [Tomcat]
2023-08-24 10:55:32.583  INFO 21628 --- [main] org.apache.catalina.core.StandardEngine  : Starting Servlet engine: [Apache Tomcat/9.0.79]
2023-08-24 10:55:32.715  INFO 21628 --- [main] o.a.c.c.C.[Tomcat].[localhost].[/]       : Initializing Spring embedded WebApplicationContext
2023-08-24 10:55:32.715  INFO 21628 --- [main] w.s.c.ServletWebServerApplicationContext : Root WebApplicationContext: initialization completed in 1225 ms
2023-08-24 10:55:33.216  INFO 21628 --- [main] o.s.s.web.DefaultSecurityFilterChain     : Will secure any request with [org.springframework.security.web.session.DisableEncodeUrlFilter@35d7386b, org.springframework.security.web.context.request.async.WebAsyncManagerIntegrationFilter@21002393, org.springframework.security.web.context.SecurityContextPersistenceFilter@307cf964, org.springframework.security.web.header.HeaderWriterFilter@242ff747, org.springframework.security.web.authentication.logout.LogoutFilter@743d0d44, org.springframework.security.web.authentication.UsernamePasswordAuthenticationFilter@35fa450f, org.springframework.security.web.savedrequest.RequestCacheAwareFilter@66713605, org.springframework.security.web.servletapi.SecurityContextHolderAwareRequestFilter@2ab09943, org.springframework.security.web.authentication.AnonymousAuthenticationFilter@718989fa, org.springframework.security.web.session.SessionManagementFilter@597d48ca, org.springframework.security.web.access.ExceptionTranslationFilter@4409cae6, org.springframework.security.web.access.intercept.FilterSecurityInterceptor@5f0f70c7]
2023-08-24 10:55:33.384  INFO 21628 --- [main] o.s.b.a.w.s.WelcomePageHandlerMapping    : Adding welcome page template: index
2023-08-24 10:55:33.767  INFO 21628 --- [main] o.s.b.w.embedded.tomcat.TomcatWebServer  : Tomcat started on port(s): 8080 (http) with context path ''
2023-08-24 10:55:33.778  INFO 21628 --- [main] com.mainproject.AniplantApplication      : Started AniplantApplication in 2.994 seconds (JVM running for 3.977)
2023-08-24 10:55:40.333  INFO 21628 --- [http-nio-8080-exec-1] o.a.c.c.C.[Tomcat].[localhost].[/]       : Initializing Spring DispatcherServlet 'dispatcherServlet'
2023-08-24 10:55:40.334  INFO 21628 --- [http-nio-8080-exec-1] o.s.web.servlet.DispatcherServlet        : Initializing Servlet 'dispatcherServlet'
2023-08-24 10:55:40.335  INFO 21628 --- [http-nio-8080-exec-1] o.s.web.servlet.DispatcherServlet        : Completed initialization in 1 ms
2023-08-24 10:55:40.475  WARN 21628 --- [http-nio-8080-exec-1] o.a.c.util.SessionIdGeneratorBase        : Creation of SecureRandom instance for session ID generation using [SHA1PRNG] took [102] milliseconds.
2023-08-24 10:55:51.502  INFO 21628 --- [http-nio-8080-exec-9] com.zaxxer.hikari.HikariDataSource       : HikariPool-1 - Starting...
2023-08-24 10:55:51.729  INFO 21628 --- [http-nio-8080-exec-9] com.zaxxer.hikari.HikariDataSource       : HikariPool-1 - Start completed.
2023-08-24 10:55:52.376  WARN 21628 --- [http-nio-8080-exec-10] n.n.u.t.l.fragments.FragmentProcessor    : You don't need to put the layout:fragment/data-layout-fragment attribute into the <head> section - the decoration process will automatically copy the <head> section of your content templates into your layout page.
2023-08-24 10:57:05.806  INFO 21628 --- [RMI TCP Connection(10)-127.0.0.1] inMXBeanRegistrar$SpringApplicationAdmin : Application shutdown requested.
2023-08-24 10:57:05.840  INFO 21628 --- [RMI TCP Connection(10)-127.0.0.1] o.apache.catalina.core.StandardService   : Stopping service [Tomcat]
2023-08-24 10:57:05.841  INFO 21628 --- [RMI TCP Connection(10)-127.0.0.1] o.a.c.c.C.[Tomcat].[localhost].[/]       : Destroying Spring FrameworkServlet 'dispatcherServlet'
2023-08-24 10:57:05.843  WARN 21628 --- [RMI TCP Connection(10)-127.0.0.1] o.a.c.loader.WebappClassLoaderBase       : The web application [ROOT] appears to have started a thread named [HikariPool-1 housekeeper] but has failed to stop it. This is very likely to create a memory leak. Stack trace of thread:
 java.base@17.0.7/jdk.internal.misc.Unsafe.park(Native Method)
 java.base@17.0.7/java.util.concurrent.locks.LockSupport.parkNanos(LockSupport.java:252)
 java.base@17.0.7/java.util.concurrent.locks.AbstractQueuedSynchronizer$ConditionObject.awaitNanos(AbstractQueuedSynchronizer.java:1672)
 java.base@17.0.7/java.util.concurrent.ScheduledThreadPoolExecutor$DelayedWorkQueue.take(ScheduledThreadPoolExecutor.java:1182)
 java.base@17.0.7/java.util.concurrent.ScheduledThreadPoolExecutor$DelayedWorkQueue.take(ScheduledThreadPoolExecutor.java:899)
 java.base@17.0.7/java.util.concurrent.ThreadPoolExecutor.getTask(ThreadPoolExecutor.java:1062)
 java.base@17.0.7/java.util.concurrent.ThreadPoolExecutor.runWorker(ThreadPoolExecutor.java:1122)
 java.base@17.0.7/java.util.concurrent.ThreadPoolExecutor$Worker.run(ThreadPoolExecutor.java:635)
 java.base@17.0.7/java.lang.Thread.run(Thread.java:833)
2023-08-24 10:57:05.848  INFO 21628 --- [RMI TCP Connection(10)-127.0.0.1] com.zaxxer.hikari.HikariDataSource       : HikariPool-1 - Shutdown initiated...
2023-08-24 10:57:05.857  INFO 21628 --- [RMI TCP Connection(10)-127.0.0.1] com.zaxxer.hikari.HikariDataSource       : HikariPool-1 - Shutdown completed.
2023-08-24 10:57:25.844  INFO 2772 --- [main] com.mainproject.AniplantApplication      : Starting AniplantApplication using Java 17.0.7 on DESKTOP-CTGB9VO with PID 2772 (C:\finalproject\0731\Bootcamp-MainProject-Aniplant\bin\main started by morib in C:\finalproject\0731\Bootcamp-MainProject-Aniplant)
2023-08-24 10:57:25.847  INFO 2772 --- [main] com.mainproject.AniplantApplication      : No active profile set, falling back to 1 default profile: "default"
2023-08-24 10:57:26.775  WARN 2772 --- [main] o.m.s.mapper.ClassPathMapperScanner      : No MyBatis mapper was found in '[com.mainproject]' package. Please check your configuration.
2023-08-24 10:57:27.173  INFO 2772 --- [main] o.s.b.w.embedded.tomcat.TomcatWebServer  : Tomcat initialized with port(s): 8080 (http)
2023-08-24 10:57:27.190  INFO 2772 --- [main] o.apache.catalina.core.StandardService   : Starting service [Tomcat]
2023-08-24 10:57:27.190  INFO 2772 --- [main] org.apache.catalina.core.StandardEngine  : Starting Servlet engine: [Apache Tomcat/9.0.79]
2023-08-24 10:57:27.342  INFO 2772 --- [main] o.a.c.c.C.[Tomcat].[localhost].[/]       : Initializing Spring embedded WebApplicationContext
2023-08-24 10:57:27.343  INFO 2772 --- [main] w.s.c.ServletWebServerApplicationContext : Root WebApplicationContext: initialization completed in 1235 ms
2023-08-24 10:57:27.872  INFO 2772 --- [main] o.s.s.web.DefaultSecurityFilterChain     : Will secure any request with [org.springframework.security.web.session.DisableEncodeUrlFilter@4ea1aa52, org.springframework.security.web.context.request.async.WebAsyncManagerIntegrationFilter@74123110, org.springframework.security.web.context.SecurityContextPersistenceFilter@19fbc594, org.springframework.security.web.header.HeaderWriterFilter@4eb9ae4d, org.springframework.security.web.authentication.logout.LogoutFilter@2abc55c4, org.springframework.security.web.authentication.UsernamePasswordAuthenticationFilter@3e9beef2, org.springframework.security.web.savedrequest.RequestCacheAwareFilter@774d8276, org.springframework.security.web.servletapi.SecurityContextHolderAwareRequestFilter@6ce26986, org.springframework.security.web.authentication.AnonymousAuthenticationFilter@5ed0b4e3, org.springframework.security.web.session.SessionManagementFilter@2d237460, org.springframework.security.web.access.ExceptionTranslationFilter@7761e342, org.springframework.security.web.access.intercept.FilterSecurityInterceptor@1578fa9]
2023-08-24 10:57:28.042  INFO 2772 --- [main] o.s.b.a.w.s.WelcomePageHandlerMapping    : Adding welcome page template: index
2023-08-24 10:57:28.437  INFO 2772 --- [main] o.s.b.w.embedded.tomcat.TomcatWebServer  : Tomcat started on port(s): 8080 (http) with context path ''
2023-08-24 10:57:28.447  INFO 2772 --- [main] com.mainproject.AniplantApplication      : Started AniplantApplication in 3.033 seconds (JVM running for 3.9)
2023-08-24 10:57:35.422  INFO 2772 --- [http-nio-8080-exec-1] o.a.c.c.C.[Tomcat].[localhost].[/]       : Initializing Spring DispatcherServlet 'dispatcherServlet'
2023-08-24 10:57:35.423  INFO 2772 --- [http-nio-8080-exec-1] o.s.web.servlet.DispatcherServlet        : Initializing Servlet 'dispatcherServlet'
2023-08-24 10:57:35.424  INFO 2772 --- [http-nio-8080-exec-1] o.s.web.servlet.DispatcherServlet        : Completed initialization in 1 ms
2023-08-24 10:57:35.578  WARN 2772 --- [http-nio-8080-exec-1] o.a.c.util.SessionIdGeneratorBase        : Creation of SecureRandom instance for session ID generation using [SHA1PRNG] took [115] milliseconds.
2023-08-24 10:57:48.072  INFO 2772 --- [http-nio-8080-exec-9] com.zaxxer.hikari.HikariDataSource       : HikariPool-1 - Starting...
2023-08-24 10:57:48.290  INFO 2772 --- [http-nio-8080-exec-9] com.zaxxer.hikari.HikariDataSource       : HikariPool-1 - Start completed.
2023-08-24 10:57:48.938  WARN 2772 --- [http-nio-8080-exec-10] n.n.u.t.l.fragments.FragmentProcessor    : You don't need to put the layout:fragment/data-layout-fragment attribute into the <head> section - the decoration process will automatically copy the <head> section of your content templates into your layout page.
2023-08-24 10:57:57.607 ERROR 2772 --- [http-nio-8080-exec-8] org.thymeleaf.TemplateEngine             : [THYMELEAF][http-nio-8080-exec-8] Exception processing template "mypage/pet-update2": Error resolving template [mypage/pet-update2], template might not exist or might not be accessible by any of the configured Template Resolvers

org.thymeleaf.exceptions.TemplateInputException: Error resolving template [mypage/pet-update2], template might not exist or might not be accessible by any of the configured Template Resolvers
	at org.thymeleaf.engine.TemplateManager.resolveTemplate(TemplateManager.java:869) ~[thymeleaf-3.0.15.RELEASE.jar:3.0.15.RELEASE]
	at org.thymeleaf.engine.TemplateManager.parseAndProcess(TemplateManager.java:607) ~[thymeleaf-3.0.15.RELEASE.jar:3.0.15.RELEASE]
	at org.thymeleaf.TemplateEngine.process(TemplateEngine.java:1098) ~[thymeleaf-3.0.15.RELEASE.jar:3.0.15.RELEASE]
	at org.thymeleaf.TemplateEngine.process(TemplateEngine.java:1072) ~[thymeleaf-3.0.15.RELEASE.jar:3.0.15.RELEASE]
	at org.thymeleaf.spring5.view.ThymeleafView.renderFragment(ThymeleafView.java:366) ~[thymeleaf-spring5-3.0.15.RELEASE.jar:3.0.15.RELEASE]
	at org.thymeleaf.spring5.view.ThymeleafView.render(ThymeleafView.java:190) ~[thymeleaf-spring5-3.0.15.RELEASE.jar:3.0.15.RELEASE]
	at org.springframework.web.servlet.DispatcherServlet.render(DispatcherServlet.java:1406) ~[spring-webmvc-5.3.29.jar:5.3.29]
	at org.springframework.web.servlet.DispatcherServlet.processDispatchResult(DispatcherServlet.java:1150) ~[spring-webmvc-5.3.29.jar:5.3.29]
	at org.springframework.web.servlet.DispatcherServlet.doDispatch(DispatcherServlet.java:1089) ~[spring-webmvc-5.3.29.jar:5.3.29]
	at org.springframework.web.servlet.DispatcherServlet.doService(DispatcherServlet.java:965) ~[spring-webmvc-5.3.29.jar:5.3.29]
	at org.springframework.web.servlet.FrameworkServlet.processRequest(FrameworkServlet.java:1006) ~[spring-webmvc-5.3.29.jar:5.3.29]
	at org.springframework.web.servlet.FrameworkServlet.doGet(FrameworkServlet.java:898) ~[spring-webmvc-5.3.29.jar:5.3.29]
	at javax.servlet.http.HttpServlet.service(HttpServlet.java:645) ~[javax.servlet-api-4.0.1.jar:4.0.1]
	at org.springframework.web.servlet.FrameworkServlet.service(FrameworkServlet.java:883) ~[spring-webmvc-5.3.29.jar:5.3.29]
	at javax.servlet.http.HttpServlet.service(HttpServlet.java:750) ~[javax.servlet-api-4.0.1.jar:4.0.1]
	at org.apache.catalina.core.ApplicationFilterChain.internalDoFilter(ApplicationFilterChain.java:209) ~[tomcat-embed-core-9.0.79.jar:9.0.79]
	at org.apache.catalina.core.ApplicationFilterChain.doFilter(ApplicationFilterChain.java:153) ~[tomcat-embed-core-9.0.79.jar:9.0.79]
	at org.apache.tomcat.websocket.server.WsFilter.doFilter(WsFilter.java:51) ~[tomcat-embed-websocket-9.0.79.jar:9.0.79]
	at org.apache.catalina.core.ApplicationFilterChain.internalDoFilter(ApplicationFilterChain.java:178) ~[tomcat-embed-core-9.0.79.jar:9.0.79]
	at org.apache.catalina.core.ApplicationFilterChain.doFilter(ApplicationFilterChain.java:153) ~[tomcat-embed-core-9.0.79.jar:9.0.79]
	at org.springframework.security.web.FilterChainProxy$VirtualFilterChain.doFilter(FilterChainProxy.java:337) ~[spring-security-web-5.7.10.jar:5.7.10]
	at org.springframework.security.web.access.intercept.FilterSecurityInterceptor.invoke(FilterSecurityInterceptor.java:115) ~[spring-security-web-5.7.10.jar:5.7.10]
	at org.springframework.security.web.access.intercept.FilterSecurityInterceptor.doFilter(FilterSecurityInterceptor.java:81) ~[spring-security-web-5.7.10.jar:5.7.10]
	at org.springframework.security.web.FilterChainProxy$VirtualFilterChain.doFilter(FilterChainProxy.java:346) ~[spring-security-web-5.7.10.jar:5.7.10]
	at org.springframework.security.web.access.ExceptionTranslationFilter.doFilter(ExceptionTranslationFilter.java:122) ~[spring-security-web-5.7.10.jar:5.7.10]
	at org.springframework.security.web.access.ExceptionTranslationFilter.doFilter(ExceptionTranslationFilter.java:116) ~[spring-security-web-5.7.10.jar:5.7.10]
	at org.springframework.security.web.FilterChainProxy$VirtualFilterChain.doFilter(FilterChainProxy.java:346) ~[spring-security-web-5.7.10.jar:5.7.10]
	at org.springframework.security.web.session.SessionManagementFilter.doFilter(SessionManagementFilter.java:126) ~[spring-security-web-5.7.10.jar:5.7.10]
	at org.springframework.security.web.session.SessionManagementFilter.doFilter(SessionManagementFilter.java:81) ~[spring-security-web-5.7.10.jar:5.7.10]
	at org.springframework.security.web.FilterChainProxy$VirtualFilterChain.doFilter(FilterChainProxy.java:346) ~[spring-security-web-5.7.10.jar:5.7.10]
	at org.springframework.security.web.authentication.AnonymousAuthenticationFilter.doFilter(AnonymousAuthenticationFilter.java:109) ~[spring-security-web-5.7.10.jar:5.7.10]
	at org.springframework.security.web.FilterChainProxy$VirtualFilterChain.doFilter(FilterChainProxy.java:346) ~[spring-security-web-5.7.10.jar:5.7.10]
	at org.springframework.security.web.servletapi.SecurityContextHolderAwareRequestFilter.doFilter(SecurityContextHolderAwareRequestFilter.java:149) ~[spring-security-web-5.7.10.jar:5.7.10]
	at org.springframework.security.web.FilterChainProxy$VirtualFilterChain.doFilter(FilterChainProxy.java:346) ~[spring-security-web-5.7.10.jar:5.7.10]
	at org.springframework.security.web.savedrequest.RequestCacheAwareFilter.doFilter(RequestCacheAwareFilter.java:63) ~[spring-security-web-5.7.10.jar:5.7.10]
	at org.springframework.security.web.FilterChainProxy$VirtualFilterChain.doFilter(FilterChainProxy.java:346) ~[spring-security-web-5.7.10.jar:5.7.10]
	at org.springframework.security.web.authentication.AbstractAuthenticationProcessingFilter.doFilter(AbstractAuthenticationProcessingFilter.java:223) ~[spring-security-web-5.7.10.jar:5.7.10]
	at org.springframework.security.web.authentication.AbstractAuthenticationProcessingFilter.doFilter(AbstractAuthenticationProcessingFilter.java:217) ~[spring-security-web-5.7.10.jar:5.7.10]
	at org.springframework.security.web.FilterChainProxy$VirtualFilterChain.doFilter(FilterChainProxy.java:346) ~[spring-security-web-5.7.10.jar:5.7.10]
	at org.springframework.security.web.authentication.logout.LogoutFilter.doFilter(LogoutFilter.java:103) ~[spring-security-web-5.7.10.jar:5.7.10]
	at org.springframework.security.web.authentication.logout.LogoutFilter.doFilter(LogoutFilter.java:89) ~[spring-security-web-5.7.10.jar:5.7.10]
	at org.springframework.security.web.FilterChainProxy$VirtualFilterChain.doFilter(FilterChainProxy.java:346) ~[spring-security-web-5.7.10.jar:5.7.10]
	at org.springframework.security.web.header.HeaderWriterFilter.doHeadersAfter(HeaderWriterFilter.java:90) ~[spring-security-web-5.7.10.jar:5.7.10]
	at org.springframework.security.web.header.HeaderWriterFilter.doFilterInternal(HeaderWriterFilter.java:75) ~[spring-security-web-5.7.10.jar:5.7.10]
	at org.springframework.web.filter.OncePerRequestFilter.doFilter(OncePerRequestFilter.java:117) ~[spring-web-5.3.29.jar:5.3.29]
	at org.springframework.security.web.FilterChainProxy$VirtualFilterChain.doFilter(FilterChainProxy.java:346) ~[spring-security-web-5.7.10.jar:5.7.10]
	at org.springframework.security.web.context.SecurityContextPersistenceFilter.doFilter(SecurityContextPersistenceFilter.java:112) ~[spring-security-web-5.7.10.jar:5.7.10]
	at org.springframework.security.web.context.SecurityContextPersistenceFilter.doFilter(SecurityContextPersistenceFilter.java:82) ~[spring-security-web-5.7.10.jar:5.7.10]
	at org.springframework.security.web.FilterChainProxy$VirtualFilterChain.doFilter(FilterChainProxy.java:346) ~[spring-security-web-5.7.10.jar:5.7.10]
	at org.springframework.security.web.context.request.async.WebAsyncManagerIntegrationFilter.doFilterInternal(WebAsyncManagerIntegrationFilter.java:55) ~[spring-security-web-5.7.10.jar:5.7.10]
	at org.springframework.web.filter.OncePerRequestFilter.doFilter(OncePerRequestFilter.java:117) ~[spring-web-5.3.29.jar:5.3.29]
	at org.springframework.security.web.FilterChainProxy$VirtualFilterChain.doFilter(FilterChainProxy.java:346) ~[spring-security-web-5.7.10.jar:5.7.10]
	at org.springframework.security.web.session.DisableEncodeUrlFilter.doFilterInternal(DisableEncodeUrlFilter.java:42) ~[spring-security-web-5.7.10.jar:5.7.10]
	at org.springframework.web.filter.OncePerRequestFilter.doFilter(OncePerRequestFilter.java:117) ~[spring-web-5.3.29.jar:5.3.29]
	at org.springframework.security.web.FilterChainProxy$VirtualFilterChain.doFilter(FilterChainProxy.java:346) ~[spring-security-web-5.7.10.jar:5.7.10]
	at org.springframework.security.web.FilterChainProxy.doFilterInternal(FilterChainProxy.java:221) ~[spring-security-web-5.7.10.jar:5.7.10]
	at org.springframework.security.web.FilterChainProxy.doFilter(FilterChainProxy.java:186) ~[spring-security-web-5.7.10.jar:5.7.10]
	at org.springframework.web.filter.DelegatingFilterProxy.invokeDelegate(DelegatingFilterProxy.java:354) ~[spring-web-5.3.29.jar:5.3.29]
	at org.springframework.web.filter.DelegatingFilterProxy.doFilter(DelegatingFilterProxy.java:267) ~[spring-web-5.3.29.jar:5.3.29]
	at org.apache.catalina.core.ApplicationFilterChain.internalDoFilter(ApplicationFilterChain.java:178) ~[tomcat-embed-core-9.0.79.jar:9.0.79]
	at org.apache.catalina.core.ApplicationFilterChain.doFilter(ApplicationFilterChain.java:153) ~[tomcat-embed-core-9.0.79.jar:9.0.79]
	at org.springframework.web.filter.RequestContextFilter.doFilterInternal(RequestContextFilter.java:100) ~[spring-web-5.3.29.jar:5.3.29]
	at org.springframework.web.filter.OncePerRequestFilter.doFilter(OncePerRequestFilter.java:117) ~[spring-web-5.3.29.jar:5.3.29]
	at org.apache.catalina.core.ApplicationFilterChain.internalDoFilter(ApplicationFilterChain.java:178) ~[tomcat-embed-core-9.0.79.jar:9.0.79]
	at org.apache.catalina.core.ApplicationFilterChain.doFilter(ApplicationFilterChain.java:153) ~[tomcat-embed-core-9.0.79.jar:9.0.79]
	at org.springframework.web.filter.FormContentFilter.doFilterInternal(FormContentFilter.java:93) ~[spring-web-5.3.29.jar:5.3.29]
	at org.springframework.web.filter.OncePerRequestFilter.doFilter(OncePerRequestFilter.java:117) ~[spring-web-5.3.29.jar:5.3.29]
	at org.apache.catalina.core.ApplicationFilterChain.internalDoFilter(ApplicationFilterChain.java:178) ~[tomcat-embed-core-9.0.79.jar:9.0.79]
	at org.apache.catalina.core.ApplicationFilterChain.doFilter(ApplicationFilterChain.java:153) ~[tomcat-embed-core-9.0.79.jar:9.0.79]
	at org.springframework.web.filter.CharacterEncodingFilter.doFilterInternal(CharacterEncodingFilter.java:201) ~[spring-web-5.3.29.jar:5.3.29]
	at org.springframework.web.filter.OncePerRequestFilter.doFilter(OncePerRequestFilter.java:117) ~[spring-web-5.3.29.jar:5.3.29]
	at org.apache.catalina.core.ApplicationFilterChain.internalDoFilter(ApplicationFilterChain.java:178) ~[tomcat-embed-core-9.0.79.jar:9.0.79]
	at org.apache.catalina.core.ApplicationFilterChain.doFilter(ApplicationFilterChain.java:153) ~[tomcat-embed-core-9.0.79.jar:9.0.79]
	at org.apache.catalina.core.StandardWrapperValve.invoke(StandardWrapperValve.java:167) ~[tomcat-embed-core-9.0.79.jar:9.0.79]
	at org.apache.catalina.core.StandardContextValve.invoke(StandardContextValve.java:90) ~[tomcat-embed-core-9.0.79.jar:9.0.79]
	at org.apache.catalina.authenticator.AuthenticatorBase.invoke(AuthenticatorBase.java:481) ~[tomcat-embed-core-9.0.79.jar:9.0.79]
	at org.apache.catalina.core.StandardHostValve.invoke(StandardHostValve.java:130) ~[tomcat-embed-core-9.0.79.jar:9.0.79]
	at org.apache.catalina.valves.ErrorReportValve.invoke(ErrorReportValve.java:93) ~[tomcat-embed-core-9.0.79.jar:9.0.79]
	at org.apache.catalina.core.StandardEngineValve.invoke(StandardEngineValve.java:74) ~[tomcat-embed-core-9.0.79.jar:9.0.79]
	at org.apache.catalina.connector.CoyoteAdapter.service(CoyoteAdapter.java:343) ~[tomcat-embed-core-9.0.79.jar:9.0.79]
	at org.apache.coyote.http11.Http11Processor.service(Http11Processor.java:390) ~[tomcat-embed-core-9.0.79.jar:9.0.79]
	at org.apache.coyote.AbstractProcessorLight.process(AbstractProcessorLight.java:63) ~[tomcat-embed-core-9.0.79.jar:9.0.79]
	at org.apache.coyote.AbstractProtocol$ConnectionHandler.process(AbstractProtocol.java:926) ~[tomcat-embed-core-9.0.79.jar:9.0.79]
	at org.apache.tomcat.util.net.NioEndpoint$SocketProcessor.doRun(NioEndpoint.java:1790) ~[tomcat-embed-core-9.0.79.jar:9.0.79]
	at org.apache.tomcat.util.net.SocketProcessorBase.run(SocketProcessorBase.java:52) ~[tomcat-embed-core-9.0.79.jar:9.0.79]
	at org.apache.tomcat.util.threads.ThreadPoolExecutor.runWorker(ThreadPoolExecutor.java:1191) ~[tomcat-embed-core-9.0.79.jar:9.0.79]
	at org.apache.tomcat.util.threads.ThreadPoolExecutor$Worker.run(ThreadPoolExecutor.java:659) ~[tomcat-embed-core-9.0.79.jar:9.0.79]
	at org.apache.tomcat.util.threads.TaskThread$WrappingRunnable.run(TaskThread.java:61) ~[tomcat-embed-core-9.0.79.jar:9.0.79]
	at java.base/java.lang.Thread.run(Thread.java:833) ~[na:na]

2023-08-24 10:57:57.609 ERROR 2772 --- [http-nio-8080-exec-8] o.a.c.c.C.[.[.[/].[dispatcherServlet]    : Servlet.service() for servlet [dispatcherServlet] in context with path [] threw exception [Request processing failed; nested exception is org.thymeleaf.exceptions.TemplateInputException: Error resolving template [mypage/pet-update2], template might not exist or might not be accessible by any of the configured Template Resolvers] with root cause

org.thymeleaf.exceptions.TemplateInputException: Error resolving template [mypage/pet-update2], template might not exist or might not be accessible by any of the configured Template Resolvers
	at org.thymeleaf.engine.TemplateManager.resolveTemplate(TemplateManager.java:869) ~[thymeleaf-3.0.15.RELEASE.jar:3.0.15.RELEASE]
	at org.thymeleaf.engine.TemplateManager.parseAndProcess(TemplateManager.java:607) ~[thymeleaf-3.0.15.RELEASE.jar:3.0.15.RELEASE]
	at org.thymeleaf.TemplateEngine.process(TemplateEngine.java:1098) ~[thymeleaf-3.0.15.RELEASE.jar:3.0.15.RELEASE]
	at org.thymeleaf.TemplateEngine.process(TemplateEngine.java:1072) ~[thymeleaf-3.0.15.RELEASE.jar:3.0.15.RELEASE]
	at org.thymeleaf.spring5.view.ThymeleafView.renderFragment(ThymeleafView.java:366) ~[thymeleaf-spring5-3.0.15.RELEASE.jar:3.0.15.RELEASE]
	at org.thymeleaf.spring5.view.ThymeleafView.render(ThymeleafView.java:190) ~[thymeleaf-spring5-3.0.15.RELEASE.jar:3.0.15.RELEASE]
	at org.springframework.web.servlet.DispatcherServlet.render(DispatcherServlet.java:1406) ~[spring-webmvc-5.3.29.jar:5.3.29]
	at org.springframework.web.servlet.DispatcherServlet.processDispatchResult(DispatcherServlet.java:1150) ~[spring-webmvc-5.3.29.jar:5.3.29]
	at org.springframework.web.servlet.DispatcherServlet.doDispatch(DispatcherServlet.java:1089) ~[spring-webmvc-5.3.29.jar:5.3.29]
	at org.springframework.web.servlet.DispatcherServlet.doService(DispatcherServlet.java:965) ~[spring-webmvc-5.3.29.jar:5.3.29]
	at org.springframework.web.servlet.FrameworkServlet.processRequest(FrameworkServlet.java:1006) ~[spring-webmvc-5.3.29.jar:5.3.29]
	at org.springframework.web.servlet.FrameworkServlet.doGet(FrameworkServlet.java:898) ~[spring-webmvc-5.3.29.jar:5.3.29]
	at javax.servlet.http.HttpServlet.service(HttpServlet.java:645) ~[javax.servlet-api-4.0.1.jar:4.0.1]
	at org.springframework.web.servlet.FrameworkServlet.service(FrameworkServlet.java:883) ~[spring-webmvc-5.3.29.jar:5.3.29]
	at javax.servlet.http.HttpServlet.service(HttpServlet.java:750) ~[javax.servlet-api-4.0.1.jar:4.0.1]
	at org.apache.catalina.core.ApplicationFilterChain.internalDoFilter(ApplicationFilterChain.java:209) ~[tomcat-embed-core-9.0.79.jar:9.0.79]
	at org.apache.catalina.core.ApplicationFilterChain.doFilter(ApplicationFilterChain.java:153) ~[tomcat-embed-core-9.0.79.jar:9.0.79]
	at org.apache.tomcat.websocket.server.WsFilter.doFilter(WsFilter.java:51) ~[tomcat-embed-websocket-9.0.79.jar:9.0.79]
	at org.apache.catalina.core.ApplicationFilterChain.internalDoFilter(ApplicationFilterChain.java:178) ~[tomcat-embed-core-9.0.79.jar:9.0.79]
	at org.apache.catalina.core.ApplicationFilterChain.doFilter(ApplicationFilterChain.java:153) ~[tomcat-embed-core-9.0.79.jar:9.0.79]
	at org.springframework.security.web.FilterChainProxy$VirtualFilterChain.doFilter(FilterChainProxy.java:337) ~[spring-security-web-5.7.10.jar:5.7.10]
	at org.springframework.security.web.access.intercept.FilterSecurityInterceptor.invoke(FilterSecurityInterceptor.java:115) ~[spring-security-web-5.7.10.jar:5.7.10]
	at org.springframework.security.web.access.intercept.FilterSecurityInterceptor.doFilter(FilterSecurityInterceptor.java:81) ~[spring-security-web-5.7.10.jar:5.7.10]
	at org.springframework.security.web.FilterChainProxy$VirtualFilterChain.doFilter(FilterChainProxy.java:346) ~[spring-security-web-5.7.10.jar:5.7.10]
	at org.springframework.security.web.access.ExceptionTranslationFilter.doFilter(ExceptionTranslationFilter.java:122) ~[spring-security-web-5.7.10.jar:5.7.10]
	at org.springframework.security.web.access.ExceptionTranslationFilter.doFilter(ExceptionTranslationFilter.java:116) ~[spring-security-web-5.7.10.jar:5.7.10]
	at org.springframework.security.web.FilterChainProxy$VirtualFilterChain.doFilter(FilterChainProxy.java:346) ~[spring-security-web-5.7.10.jar:5.7.10]
	at org.springframework.security.web.session.SessionManagementFilter.doFilter(SessionManagementFilter.java:126) ~[spring-security-web-5.7.10.jar:5.7.10]
	at org.springframework.security.web.session.SessionManagementFilter.doFilter(SessionManagementFilter.java:81) ~[spring-security-web-5.7.10.jar:5.7.10]
	at org.springframework.security.web.FilterChainProxy$VirtualFilterChain.doFilter(FilterChainProxy.java:346) ~[spring-security-web-5.7.10.jar:5.7.10]
	at org.springframework.security.web.authentication.AnonymousAuthenticationFilter.doFilter(AnonymousAuthenticationFilter.java:109) ~[spring-security-web-5.7.10.jar:5.7.10]
	at org.springframework.security.web.FilterChainProxy$VirtualFilterChain.doFilter(FilterChainProxy.java:346) ~[spring-security-web-5.7.10.jar:5.7.10]
	at org.springframework.security.web.servletapi.SecurityContextHolderAwareRequestFilter.doFilter(SecurityContextHolderAwareRequestFilter.java:149) ~[spring-security-web-5.7.10.jar:5.7.10]
	at org.springframework.security.web.FilterChainProxy$VirtualFilterChain.doFilter(FilterChainProxy.java:346) ~[spring-security-web-5.7.10.jar:5.7.10]
	at org.springframework.security.web.savedrequest.RequestCacheAwareFilter.doFilter(RequestCacheAwareFilter.java:63) ~[spring-security-web-5.7.10.jar:5.7.10]
	at org.springframework.security.web.FilterChainProxy$VirtualFilterChain.doFilter(FilterChainProxy.java:346) ~[spring-security-web-5.7.10.jar:5.7.10]
	at org.springframework.security.web.authentication.AbstractAuthenticationProcessingFilter.doFilter(AbstractAuthenticationProcessingFilter.java:223) ~[spring-security-web-5.7.10.jar:5.7.10]
	at org.springframework.security.web.authentication.AbstractAuthenticationProcessingFilter.doFilter(AbstractAuthenticationProcessingFilter.java:217) ~[spring-security-web-5.7.10.jar:5.7.10]
	at org.springframework.security.web.FilterChainProxy$VirtualFilterChain.doFilter(FilterChainProxy.java:346) ~[spring-security-web-5.7.10.jar:5.7.10]
	at org.springframework.security.web.authentication.logout.LogoutFilter.doFilter(LogoutFilter.java:103) ~[spring-security-web-5.7.10.jar:5.7.10]
	at org.springframework.security.web.authentication.logout.LogoutFilter.doFilter(LogoutFilter.java:89) ~[spring-security-web-5.7.10.jar:5.7.10]
	at org.springframework.security.web.FilterChainProxy$VirtualFilterChain.doFilter(FilterChainProxy.java:346) ~[spring-security-web-5.7.10.jar:5.7.10]
	at org.springframework.security.web.header.HeaderWriterFilter.doHeadersAfter(HeaderWriterFilter.java:90) ~[spring-security-web-5.7.10.jar:5.7.10]
	at org.springframework.security.web.header.HeaderWriterFilter.doFilterInternal(HeaderWriterFilter.java:75) ~[spring-security-web-5.7.10.jar:5.7.10]
	at org.springframework.web.filter.OncePerRequestFilter.doFilter(OncePerRequestFilter.java:117) ~[spring-web-5.3.29.jar:5.3.29]
	at org.springframework.security.web.FilterChainProxy$VirtualFilterChain.doFilter(FilterChainProxy.java:346) ~[spring-security-web-5.7.10.jar:5.7.10]
	at org.springframework.security.web.context.SecurityContextPersistenceFilter.doFilter(SecurityContextPersistenceFilter.java:112) ~[spring-security-web-5.7.10.jar:5.7.10]
	at org.springframework.security.web.context.SecurityContextPersistenceFilter.doFilter(SecurityContextPersistenceFilter.java:82) ~[spring-security-web-5.7.10.jar:5.7.10]
	at org.springframework.security.web.FilterChainProxy$VirtualFilterChain.doFilter(FilterChainProxy.java:346) ~[spring-security-web-5.7.10.jar:5.7.10]
	at org.springframework.security.web.context.request.async.WebAsyncManagerIntegrationFilter.doFilterInternal(WebAsyncManagerIntegrationFilter.java:55) ~[spring-security-web-5.7.10.jar:5.7.10]
	at org.springframework.web.filter.OncePerRequestFilter.doFilter(OncePerRequestFilter.java:117) ~[spring-web-5.3.29.jar:5.3.29]
	at org.springframework.security.web.FilterChainProxy$VirtualFilterChain.doFilter(FilterChainProxy.java:346) ~[spring-security-web-5.7.10.jar:5.7.10]
	at org.springframework.security.web.session.DisableEncodeUrlFilter.doFilterInternal(DisableEncodeUrlFilter.java:42) ~[spring-security-web-5.7.10.jar:5.7.10]
	at org.springframework.web.filter.OncePerRequestFilter.doFilter(OncePerRequestFilter.java:117) ~[spring-web-5.3.29.jar:5.3.29]
	at org.springframework.security.web.FilterChainProxy$VirtualFilterChain.doFilter(FilterChainProxy.java:346) ~[spring-security-web-5.7.10.jar:5.7.10]
	at org.springframework.security.web.FilterChainProxy.doFilterInternal(FilterChainProxy.java:221) ~[spring-security-web-5.7.10.jar:5.7.10]
	at org.springframework.security.web.FilterChainProxy.doFilter(FilterChainProxy.java:186) ~[spring-security-web-5.7.10.jar:5.7.10]
	at org.springframework.web.filter.DelegatingFilterProxy.invokeDelegate(DelegatingFilterProxy.java:354) ~[spring-web-5.3.29.jar:5.3.29]
	at org.springframework.web.filter.DelegatingFilterProxy.doFilter(DelegatingFilterProxy.java:267) ~[spring-web-5.3.29.jar:5.3.29]
	at org.apache.catalina.core.ApplicationFilterChain.internalDoFilter(ApplicationFilterChain.java:178) ~[tomcat-embed-core-9.0.79.jar:9.0.79]
	at org.apache.catalina.core.ApplicationFilterChain.doFilter(ApplicationFilterChain.java:153) ~[tomcat-embed-core-9.0.79.jar:9.0.79]
	at org.springframework.web.filter.RequestContextFilter.doFilterInternal(RequestContextFilter.java:100) ~[spring-web-5.3.29.jar:5.3.29]
	at org.springframework.web.filter.OncePerRequestFilter.doFilter(OncePerRequestFilter.java:117) ~[spring-web-5.3.29.jar:5.3.29]
	at org.apache.catalina.core.ApplicationFilterChain.internalDoFilter(ApplicationFilterChain.java:178) ~[tomcat-embed-core-9.0.79.jar:9.0.79]
	at org.apache.catalina.core.ApplicationFilterChain.doFilter(ApplicationFilterChain.java:153) ~[tomcat-embed-core-9.0.79.jar:9.0.79]
	at org.springframework.web.filter.FormContentFilter.doFilterInternal(FormContentFilter.java:93) ~[spring-web-5.3.29.jar:5.3.29]
	at org.springframework.web.filter.OncePerRequestFilter.doFilter(OncePerRequestFilter.java:117) ~[spring-web-5.3.29.jar:5.3.29]
	at org.apache.catalina.core.ApplicationFilterChain.internalDoFilter(ApplicationFilterChain.java:178) ~[tomcat-embed-core-9.0.79.jar:9.0.79]
	at org.apache.catalina.core.ApplicationFilterChain.doFilter(ApplicationFilterChain.java:153) ~[tomcat-embed-core-9.0.79.jar:9.0.79]
	at org.springframework.web.filter.CharacterEncodingFilter.doFilterInternal(CharacterEncodingFilter.java:201) ~[spring-web-5.3.29.jar:5.3.29]
	at org.springframework.web.filter.OncePerRequestFilter.doFilter(OncePerRequestFilter.java:117) ~[spring-web-5.3.29.jar:5.3.29]
	at org.apache.catalina.core.ApplicationFilterChain.internalDoFilter(ApplicationFilterChain.java:178) ~[tomcat-embed-core-9.0.79.jar:9.0.79]
	at org.apache.catalina.core.ApplicationFilterChain.doFilter(ApplicationFilterChain.java:153) ~[tomcat-embed-core-9.0.79.jar:9.0.79]
	at org.apache.catalina.core.StandardWrapperValve.invoke(StandardWrapperValve.java:167) ~[tomcat-embed-core-9.0.79.jar:9.0.79]
	at org.apache.catalina.core.StandardContextValve.invoke(StandardContextValve.java:90) ~[tomcat-embed-core-9.0.79.jar:9.0.79]
	at org.apache.catalina.authenticator.AuthenticatorBase.invoke(AuthenticatorBase.java:481) ~[tomcat-embed-core-9.0.79.jar:9.0.79]
	at org.apache.catalina.core.StandardHostValve.invoke(StandardHostValve.java:130) ~[tomcat-embed-core-9.0.79.jar:9.0.79]
	at org.apache.catalina.valves.ErrorReportValve.invoke(ErrorReportValve.java:93) ~[tomcat-embed-core-9.0.79.jar:9.0.79]
	at org.apache.catalina.core.StandardEngineValve.invoke(StandardEngineValve.java:74) ~[tomcat-embed-core-9.0.79.jar:9.0.79]
	at org.apache.catalina.connector.CoyoteAdapter.service(CoyoteAdapter.java:343) ~[tomcat-embed-core-9.0.79.jar:9.0.79]
	at org.apache.coyote.http11.Http11Processor.service(Http11Processor.java:390) ~[tomcat-embed-core-9.0.79.jar:9.0.79]
	at org.apache.coyote.AbstractProcessorLight.process(AbstractProcessorLight.java:63) ~[tomcat-embed-core-9.0.79.jar:9.0.79]
	at org.apache.coyote.AbstractProtocol$ConnectionHandler.process(AbstractProtocol.java:926) ~[tomcat-embed-core-9.0.79.jar:9.0.79]
	at org.apache.tomcat.util.net.NioEndpoint$SocketProcessor.doRun(NioEndpoint.java:1790) ~[tomcat-embed-core-9.0.79.jar:9.0.79]
	at org.apache.tomcat.util.net.SocketProcessorBase.run(SocketProcessorBase.java:52) ~[tomcat-embed-core-9.0.79.jar:9.0.79]
	at org.apache.tomcat.util.threads.ThreadPoolExecutor.runWorker(ThreadPoolExecutor.java:1191) ~[tomcat-embed-core-9.0.79.jar:9.0.79]
	at org.apache.tomcat.util.threads.ThreadPoolExecutor$Worker.run(ThreadPoolExecutor.java:659) ~[tomcat-embed-core-9.0.79.jar:9.0.79]
	at org.apache.tomcat.util.threads.TaskThread$WrappingRunnable.run(TaskThread.java:61) ~[tomcat-embed-core-9.0.79.jar:9.0.79]
	at java.base/java.lang.Thread.run(Thread.java:833) ~[na:na]

2023-08-24 11:02:33.037  INFO 2772 --- [RMI TCP Connection(12)-127.0.0.1] inMXBeanRegistrar$SpringApplicationAdmin : Application shutdown requested.
2023-08-24 11:02:33.075  INFO 2772 --- [RMI TCP Connection(12)-127.0.0.1] o.apache.catalina.core.StandardService   : Stopping service [Tomcat]
2023-08-24 11:02:33.077  INFO 2772 --- [RMI TCP Connection(12)-127.0.0.1] o.a.c.c.C.[Tomcat].[localhost].[/]       : Destroying Spring FrameworkServlet 'dispatcherServlet'
2023-08-24 11:02:33.079  WARN 2772 --- [RMI TCP Connection(12)-127.0.0.1] o.a.c.loader.WebappClassLoaderBase       : The web application [ROOT] appears to have started a thread named [HikariPool-1 housekeeper] but has failed to stop it. This is very likely to create a memory leak. Stack trace of thread:
 java.base@17.0.7/jdk.internal.misc.Unsafe.park(Native Method)
 java.base@17.0.7/java.util.concurrent.locks.LockSupport.parkNanos(LockSupport.java:252)
 java.base@17.0.7/java.util.concurrent.locks.AbstractQueuedSynchronizer$ConditionObject.awaitNanos(AbstractQueuedSynchronizer.java:1672)
 java.base@17.0.7/java.util.concurrent.ScheduledThreadPoolExecutor$DelayedWorkQueue.take(ScheduledThreadPoolExecutor.java:1182)
 java.base@17.0.7/java.util.concurrent.ScheduledThreadPoolExecutor$DelayedWorkQueue.take(ScheduledThreadPoolExecutor.java:899)
 java.base@17.0.7/java.util.concurrent.ThreadPoolExecutor.getTask(ThreadPoolExecutor.java:1062)
 java.base@17.0.7/java.util.concurrent.ThreadPoolExecutor.runWorker(ThreadPoolExecutor.java:1122)
 java.base@17.0.7/java.util.concurrent.ThreadPoolExecutor$Worker.run(ThreadPoolExecutor.java:635)
 java.base@17.0.7/java.lang.Thread.run(Thread.java:833)
2023-08-24 11:02:33.085  INFO 2772 --- [RMI TCP Connection(12)-127.0.0.1] com.zaxxer.hikari.HikariDataSource       : HikariPool-1 - Shutdown initiated...
2023-08-24 11:02:33.093  INFO 2772 --- [RMI TCP Connection(12)-127.0.0.1] com.zaxxer.hikari.HikariDataSource       : HikariPool-1 - Shutdown completed.
2023-08-24 14:58:07.725  INFO 13948 --- [main] com.mainproject.AniplantApplication      : Starting AniplantApplication using Java 17.0.7 on DESKTOP-CTGB9VO with PID 13948 (C:\finalproject\0731\Bootcamp-MainProject-Aniplant\bin\main started by morib in C:\finalproject\0731\Bootcamp-MainProject-Aniplant)
2023-08-24 14:58:07.729  INFO 13948 --- [main] com.mainproject.AniplantApplication      : No active profile set, falling back to 1 default profile: "default"
2023-08-24 14:58:08.771  WARN 13948 --- [main] o.m.s.mapper.ClassPathMapperScanner      : No MyBatis mapper was found in '[com.mainproject]' package. Please check your configuration.
2023-08-24 14:58:09.222  INFO 13948 --- [main] o.s.b.w.embedded.tomcat.TomcatWebServer  : Tomcat initialized with port(s): 8080 (http)
2023-08-24 14:58:09.235  INFO 13948 --- [main] o.apache.catalina.core.StandardService   : Starting service [Tomcat]
2023-08-24 14:58:09.235  INFO 13948 --- [main] org.apache.catalina.core.StandardEngine  : Starting Servlet engine: [Apache Tomcat/9.0.79]
2023-08-24 14:58:09.391  INFO 13948 --- [main] o.a.c.c.C.[Tomcat].[localhost].[/]       : Initializing Spring embedded WebApplicationContext
2023-08-24 14:58:09.392  INFO 13948 --- [main] w.s.c.ServletWebServerApplicationContext : Root WebApplicationContext: initialization completed in 1354 ms
2023-08-24 14:58:09.964  INFO 13948 --- [main] o.s.s.web.DefaultSecurityFilterChain     : Will secure any request with [org.springframework.security.web.session.DisableEncodeUrlFilter@782fd504, org.springframework.security.web.context.request.async.WebAsyncManagerIntegrationFilter@1537c744, org.springframework.security.web.context.SecurityContextPersistenceFilter@37ca3ca8, org.springframework.security.web.header.HeaderWriterFilter@374ccb9, org.springframework.security.web.authentication.logout.LogoutFilter@47058864, org.springframework.security.web.authentication.UsernamePasswordAuthenticationFilter@21002393, org.springframework.security.web.savedrequest.RequestCacheAwareFilter@6321a5aa, org.springframework.security.web.servletapi.SecurityContextHolderAwareRequestFilter@1c7f9861, org.springframework.security.web.authentication.AnonymousAuthenticationFilter@37314843, org.springframework.security.web.session.SessionManagementFilter@2ab09943, org.springframework.security.web.access.ExceptionTranslationFilter@2c7c0e36, org.springframework.security.web.access.intercept.FilterSecurityInterceptor@3e03046d]
2023-08-24 14:58:10.159  INFO 13948 --- [main] o.s.b.a.w.s.WelcomePageHandlerMapping    : Adding welcome page template: index
2023-08-24 14:58:10.596  INFO 13948 --- [main] o.s.b.w.embedded.tomcat.TomcatWebServer  : Tomcat started on port(s): 8080 (http) with context path ''
2023-08-24 14:58:10.608  INFO 13948 --- [main] com.mainproject.AniplantApplication      : Started AniplantApplication in 3.345 seconds (JVM running for 4.389)
2023-08-24 14:58:50.225  INFO 13948 --- [http-nio-8080-exec-1] o.a.c.c.C.[Tomcat].[localhost].[/]       : Initializing Spring DispatcherServlet 'dispatcherServlet'
2023-08-24 14:58:50.226  INFO 13948 --- [http-nio-8080-exec-1] o.s.web.servlet.DispatcherServlet        : Initializing Servlet 'dispatcherServlet'
2023-08-24 14:58:50.228  INFO 13948 --- [http-nio-8080-exec-1] o.s.web.servlet.DispatcherServlet        : Completed initialization in 1 ms
2023-08-24 14:58:50.416  WARN 13948 --- [http-nio-8080-exec-1] o.a.c.util.SessionIdGeneratorBase        : Creation of SecureRandom instance for session ID generation using [SHA1PRNG] took [143] milliseconds.
2023-08-24 14:58:57.033  INFO 13948 --- [http-nio-8080-exec-8] com.zaxxer.hikari.HikariDataSource       : HikariPool-1 - Starting...
2023-08-24 14:58:57.300  INFO 13948 --- [http-nio-8080-exec-8] com.zaxxer.hikari.HikariDataSource       : HikariPool-1 - Start completed.
2023-08-24 14:58:58.087  WARN 13948 --- [http-nio-8080-exec-9] n.n.u.t.l.fragments.FragmentProcessor    : You don't need to put the layout:fragment/data-layout-fragment attribute into the <head> section - the decoration process will automatically copy the <head> section of your content templates into your layout page.
2023-08-24 14:59:07.071  WARN 13948 --- [http-nio-8080-exec-1] .w.s.m.s.DefaultHandlerExceptionResolver : Resolved [org.springframework.web.HttpRequestMethodNotSupportedException: Request method 'POST' not supported]
2023-08-24 15:31:59.403  INFO 13948 --- [RMI TCP Connection(43)-127.0.0.1] inMXBeanRegistrar$SpringApplicationAdmin : Application shutdown requested.
2023-08-24 15:31:59.437  INFO 13948 --- [RMI TCP Connection(43)-127.0.0.1] o.apache.catalina.core.StandardService   : Stopping service [Tomcat]
2023-08-24 15:31:59.438  INFO 13948 --- [RMI TCP Connection(43)-127.0.0.1] o.a.c.c.C.[Tomcat].[localhost].[/]       : Destroying Spring FrameworkServlet 'dispatcherServlet'
2023-08-24 15:31:59.440  WARN 13948 --- [RMI TCP Connection(43)-127.0.0.1] o.a.c.loader.WebappClassLoaderBase       : The web application [ROOT] appears to have started a thread named [HikariPool-1 housekeeper] but has failed to stop it. This is very likely to create a memory leak. Stack trace of thread:
 java.base@17.0.7/jdk.internal.misc.Unsafe.park(Native Method)
 java.base@17.0.7/java.util.concurrent.locks.LockSupport.parkNanos(LockSupport.java:252)
 java.base@17.0.7/java.util.concurrent.locks.AbstractQueuedSynchronizer$ConditionObject.awaitNanos(AbstractQueuedSynchronizer.java:1672)
 java.base@17.0.7/java.util.concurrent.ScheduledThreadPoolExecutor$DelayedWorkQueue.take(ScheduledThreadPoolExecutor.java:1182)
 java.base@17.0.7/java.util.concurrent.ScheduledThreadPoolExecutor$DelayedWorkQueue.take(ScheduledThreadPoolExecutor.java:899)
 java.base@17.0.7/java.util.concurrent.ThreadPoolExecutor.getTask(ThreadPoolExecutor.java:1062)
 java.base@17.0.7/java.util.concurrent.ThreadPoolExecutor.runWorker(ThreadPoolExecutor.java:1122)
 java.base@17.0.7/java.util.concurrent.ThreadPoolExecutor$Worker.run(ThreadPoolExecutor.java:635)
 java.base@17.0.7/java.lang.Thread.run(Thread.java:833)
2023-08-24 15:31:59.444  INFO 13948 --- [RMI TCP Connection(43)-127.0.0.1] com.zaxxer.hikari.HikariDataSource       : HikariPool-1 - Shutdown initiated...
2023-08-24 15:31:59.448  INFO 13948 --- [RMI TCP Connection(43)-127.0.0.1] com.zaxxer.hikari.HikariDataSource       : HikariPool-1 - Shutdown completed.
2023-08-24 15:32:05.165  INFO 29764 --- [main] com.mainproject.AniplantApplication      : Starting AniplantApplication using Java 17.0.7 on DESKTOP-CTGB9VO with PID 29764 (C:\finalproject\0731\Bootcamp-MainProject-Aniplant\bin\main started by morib in C:\finalproject\0731\Bootcamp-MainProject-Aniplant)
2023-08-24 15:32:05.169  INFO 29764 --- [main] com.mainproject.AniplantApplication      : No active profile set, falling back to 1 default profile: "default"
2023-08-24 15:32:07.102  WARN 29764 --- [main] o.m.s.mapper.ClassPathMapperScanner      : No MyBatis mapper was found in '[com.mainproject]' package. Please check your configuration.
2023-08-24 15:32:07.837  INFO 29764 --- [main] o.s.b.w.embedded.tomcat.TomcatWebServer  : Tomcat initialized with port(s): 8080 (http)
2023-08-24 15:32:07.863  INFO 29764 --- [main] o.apache.catalina.core.StandardService   : Starting service [Tomcat]
2023-08-24 15:32:07.863  INFO 29764 --- [main] org.apache.catalina.core.StandardEngine  : Starting Servlet engine: [Apache Tomcat/9.0.79]
2023-08-24 15:32:08.046  INFO 29764 --- [main] o.a.c.c.C.[Tomcat].[localhost].[/]       : Initializing Spring embedded WebApplicationContext
2023-08-24 15:32:08.047  INFO 29764 --- [main] w.s.c.ServletWebServerApplicationContext : Root WebApplicationContext: initialization completed in 2166 ms
2023-08-24 15:32:08.584  INFO 29764 --- [main] o.s.s.web.DefaultSecurityFilterChain     : Will secure any request with [org.springframework.security.web.session.DisableEncodeUrlFilter@3e9beef2, org.springframework.security.web.context.request.async.WebAsyncManagerIntegrationFilter@2f15a964, org.springframework.security.web.context.SecurityContextPersistenceFilter@4eb9ae4d, org.springframework.security.web.header.HeaderWriterFilter@54ccb3, org.springframework.security.web.authentication.logout.LogoutFilter@149aa7b2, org.springframework.security.web.authentication.UsernamePasswordAuthenticationFilter@1578fa9, org.springframework.security.web.savedrequest.RequestCacheAwareFilter@2d237460, org.springframework.security.web.servletapi.SecurityContextHolderAwareRequestFilter@48f2054d, org.springframework.security.web.authentication.AnonymousAuthenticationFilter@3111631d, org.springframework.security.web.session.SessionManagementFilter@621f23ac, org.springframework.security.web.access.ExceptionTranslationFilter@47058864, org.springframework.security.web.access.intercept.FilterSecurityInterceptor@7db5b890]
2023-08-24 15:32:08.745  INFO 29764 --- [main] o.s.b.a.w.s.WelcomePageHandlerMapping    : Adding welcome page template: index
2023-08-24 15:32:09.167  INFO 29764 --- [main] o.s.b.w.embedded.tomcat.TomcatWebServer  : Tomcat started on port(s): 8080 (http) with context path ''
2023-08-24 15:32:09.182  INFO 29764 --- [main] com.mainproject.AniplantApplication      : Started AniplantApplication in 4.549 seconds (JVM running for 6.732)
2023-08-24 15:32:15.010  INFO 29764 --- [http-nio-8080-exec-1] o.a.c.c.C.[Tomcat].[localhost].[/]       : Initializing Spring DispatcherServlet 'dispatcherServlet'
2023-08-24 15:32:15.011  INFO 29764 --- [http-nio-8080-exec-1] o.s.web.servlet.DispatcherServlet        : Initializing Servlet 'dispatcherServlet'
2023-08-24 15:32:15.012  INFO 29764 --- [http-nio-8080-exec-1] o.s.web.servlet.DispatcherServlet        : Completed initialization in 1 ms
2023-08-24 15:32:15.166  WARN 29764 --- [http-nio-8080-exec-1] o.a.c.util.SessionIdGeneratorBase        : Creation of SecureRandom instance for session ID generation using [SHA1PRNG] took [111] milliseconds.
2023-08-24 15:32:20.291  INFO 29764 --- [http-nio-8080-exec-9] com.zaxxer.hikari.HikariDataSource       : HikariPool-1 - Starting...
2023-08-24 15:32:20.516  INFO 29764 --- [http-nio-8080-exec-9] com.zaxxer.hikari.HikariDataSource       : HikariPool-1 - Start completed.
2023-08-24 15:32:21.133  WARN 29764 --- [http-nio-8080-exec-10] n.n.u.t.l.fragments.FragmentProcessor    : You don't need to put the layout:fragment/data-layout-fragment attribute into the <head> section - the decoration process will automatically copy the <head> section of your content templates into your layout page.
2023-08-24 15:34:37.683  INFO 29764 --- [RMI TCP Connection(12)-127.0.0.1] inMXBeanRegistrar$SpringApplicationAdmin : Application shutdown requested.
2023-08-24 15:34:37.717  INFO 29764 --- [RMI TCP Connection(12)-127.0.0.1] o.apache.catalina.core.StandardService   : Stopping service [Tomcat]
2023-08-24 15:34:37.719  INFO 29764 --- [RMI TCP Connection(12)-127.0.0.1] o.a.c.c.C.[Tomcat].[localhost].[/]       : Destroying Spring FrameworkServlet 'dispatcherServlet'
2023-08-24 15:34:37.721  WARN 29764 --- [RMI TCP Connection(12)-127.0.0.1] o.a.c.loader.WebappClassLoaderBase       : The web application [ROOT] appears to have started a thread named [HikariPool-1 housekeeper] but has failed to stop it. This is very likely to create a memory leak. Stack trace of thread:
 java.base@17.0.7/jdk.internal.misc.Unsafe.park(Native Method)
 java.base@17.0.7/java.util.concurrent.locks.LockSupport.parkNanos(LockSupport.java:252)
 java.base@17.0.7/java.util.concurrent.locks.AbstractQueuedSynchronizer$ConditionObject.awaitNanos(AbstractQueuedSynchronizer.java:1672)
 java.base@17.0.7/java.util.concurrent.ScheduledThreadPoolExecutor$DelayedWorkQueue.take(ScheduledThreadPoolExecutor.java:1182)
 java.base@17.0.7/java.util.concurrent.ScheduledThreadPoolExecutor$DelayedWorkQueue.take(ScheduledThreadPoolExecutor.java:899)
 java.base@17.0.7/java.util.concurrent.ThreadPoolExecutor.getTask(ThreadPoolExecutor.java:1062)
 java.base@17.0.7/java.util.concurrent.ThreadPoolExecutor.runWorker(ThreadPoolExecutor.java:1122)
 java.base@17.0.7/java.util.concurrent.ThreadPoolExecutor$Worker.run(ThreadPoolExecutor.java:635)
 java.base@17.0.7/java.lang.Thread.run(Thread.java:833)
2023-08-24 15:34:37.725  INFO 29764 --- [RMI TCP Connection(12)-127.0.0.1] com.zaxxer.hikari.HikariDataSource       : HikariPool-1 - Shutdown initiated...
2023-08-24 15:34:37.732  INFO 29764 --- [RMI TCP Connection(12)-127.0.0.1] com.zaxxer.hikari.HikariDataSource       : HikariPool-1 - Shutdown completed.
2023-08-24 15:34:39.838  INFO 27184 --- [main] com.mainproject.AniplantApplication      : Starting AniplantApplication using Java 17.0.7 on DESKTOP-CTGB9VO with PID 27184 (C:\finalproject\0731\Bootcamp-MainProject-Aniplant\bin\main started by morib in C:\finalproject\0731\Bootcamp-MainProject-Aniplant)
2023-08-24 15:34:39.841  INFO 27184 --- [main] com.mainproject.AniplantApplication      : No active profile set, falling back to 1 default profile: "default"
2023-08-24 15:34:40.773  WARN 27184 --- [main] o.m.s.mapper.ClassPathMapperScanner      : No MyBatis mapper was found in '[com.mainproject]' package. Please check your configuration.
2023-08-24 15:34:41.204  INFO 27184 --- [main] o.s.b.w.embedded.tomcat.TomcatWebServer  : Tomcat initialized with port(s): 8080 (http)
2023-08-24 15:34:41.220  INFO 27184 --- [main] o.apache.catalina.core.StandardService   : Starting service [Tomcat]
2023-08-24 15:34:41.221  INFO 27184 --- [main] org.apache.catalina.core.StandardEngine  : Starting Servlet engine: [Apache Tomcat/9.0.79]
2023-08-24 15:34:41.366  INFO 27184 --- [main] o.a.c.c.C.[Tomcat].[localhost].[/]       : Initializing Spring embedded WebApplicationContext
2023-08-24 15:34:41.367  INFO 27184 --- [main] w.s.c.ServletWebServerApplicationContext : Root WebApplicationContext: initialization completed in 1261 ms
2023-08-24 15:34:41.902  INFO 27184 --- [main] o.s.s.web.DefaultSecurityFilterChain     : Will secure any request with [org.springframework.security.web.session.DisableEncodeUrlFilter@13516600, org.springframework.security.web.context.request.async.WebAsyncManagerIntegrationFilter@35d7386b, org.springframework.security.web.context.SecurityContextPersistenceFilter@2c7c0e36, org.springframework.security.web.header.HeaderWriterFilter@14e750c5, org.springframework.security.web.authentication.logout.LogoutFilter@7af327e3, org.springframework.security.web.authentication.UsernamePasswordAuthenticationFilter@283ab206, org.springframework.security.web.savedrequest.RequestCacheAwareFilter@374ccb9, org.springframework.security.web.servletapi.SecurityContextHolderAwareRequestFilter@66713605, org.springframework.security.web.authentication.AnonymousAuthenticationFilter@21002393, org.springframework.security.web.session.SessionManagementFilter@5329f6b3, org.springframework.security.web.access.ExceptionTranslationFilter@7911cc15, org.springframework.security.web.access.intercept.FilterSecurityInterceptor@25ad25f5]
2023-08-24 15:34:42.067  INFO 27184 --- [main] o.s.b.a.w.s.WelcomePageHandlerMapping    : Adding welcome page template: index
2023-08-24 15:34:42.483  INFO 27184 --- [main] o.s.b.w.embedded.tomcat.TomcatWebServer  : Tomcat started on port(s): 8080 (http) with context path ''
2023-08-24 15:34:42.493  INFO 27184 --- [main] com.mainproject.AniplantApplication      : Started AniplantApplication in 3.083 seconds (JVM running for 3.993)
2023-08-24 15:34:50.806  INFO 27184 --- [http-nio-8080-exec-1] o.a.c.c.C.[Tomcat].[localhost].[/]       : Initializing Spring DispatcherServlet 'dispatcherServlet'
2023-08-24 15:34:50.807  INFO 27184 --- [http-nio-8080-exec-1] o.s.web.servlet.DispatcherServlet        : Initializing Servlet 'dispatcherServlet'
2023-08-24 15:34:50.809  INFO 27184 --- [http-nio-8080-exec-1] o.s.web.servlet.DispatcherServlet        : Completed initialization in 2 ms
2023-08-24 15:34:50.962  WARN 27184 --- [http-nio-8080-exec-1] o.a.c.util.SessionIdGeneratorBase        : Creation of SecureRandom instance for session ID generation using [SHA1PRNG] took [114] milliseconds.
2023-08-24 15:34:57.564  INFO 27184 --- [http-nio-8080-exec-9] com.zaxxer.hikari.HikariDataSource       : HikariPool-1 - Starting...
2023-08-24 15:34:57.802  INFO 27184 --- [http-nio-8080-exec-9] com.zaxxer.hikari.HikariDataSource       : HikariPool-1 - Start completed.
2023-08-24 15:35:05.470  WARN 27184 --- [http-nio-8080-exec-3] n.n.u.t.l.fragments.FragmentProcessor    : You don't need to put the layout:fragment/data-layout-fragment attribute into the <head> section - the decoration process will automatically copy the <head> section of your content templates into your layout page.
2023-08-24 15:35:31.823  WARN 27184 --- [http-nio-8080-exec-5] .w.s.m.s.DefaultHandlerExceptionResolver : Resolved [org.springframework.web.HttpRequestMethodNotSupportedException: Request method 'GET' not supported]
2023-08-24 15:42:06.415  INFO 27184 --- [RMI TCP Connection(16)-127.0.0.1] inMXBeanRegistrar$SpringApplicationAdmin : Application shutdown requested.
2023-08-24 15:42:06.449  INFO 27184 --- [RMI TCP Connection(16)-127.0.0.1] o.apache.catalina.core.StandardService   : Stopping service [Tomcat]
2023-08-24 15:42:06.450  INFO 27184 --- [RMI TCP Connection(16)-127.0.0.1] o.a.c.c.C.[Tomcat].[localhost].[/]       : Destroying Spring FrameworkServlet 'dispatcherServlet'
2023-08-24 15:42:06.453  WARN 27184 --- [RMI TCP Connection(16)-127.0.0.1] o.a.c.loader.WebappClassLoaderBase       : The web application [ROOT] appears to have started a thread named [HikariPool-1 housekeeper] but has failed to stop it. This is very likely to create a memory leak. Stack trace of thread:
 java.base@17.0.7/jdk.internal.misc.Unsafe.park(Native Method)
 java.base@17.0.7/java.util.concurrent.locks.LockSupport.parkNanos(LockSupport.java:252)
 java.base@17.0.7/java.util.concurrent.locks.AbstractQueuedSynchronizer$ConditionObject.awaitNanos(AbstractQueuedSynchronizer.java:1672)
 java.base@17.0.7/java.util.concurrent.ScheduledThreadPoolExecutor$DelayedWorkQueue.take(ScheduledThreadPoolExecutor.java:1182)
 java.base@17.0.7/java.util.concurrent.ScheduledThreadPoolExecutor$DelayedWorkQueue.take(ScheduledThreadPoolExecutor.java:899)
 java.base@17.0.7/java.util.concurrent.ThreadPoolExecutor.getTask(ThreadPoolExecutor.java:1062)
 java.base@17.0.7/java.util.concurrent.ThreadPoolExecutor.runWorker(ThreadPoolExecutor.java:1122)
 java.base@17.0.7/java.util.concurrent.ThreadPoolExecutor$Worker.run(ThreadPoolExecutor.java:635)
 java.base@17.0.7/java.lang.Thread.run(Thread.java:833)
2023-08-24 15:42:06.458  INFO 27184 --- [RMI TCP Connection(16)-127.0.0.1] com.zaxxer.hikari.HikariDataSource       : HikariPool-1 - Shutdown initiated...
2023-08-24 15:42:06.467  INFO 27184 --- [RMI TCP Connection(16)-127.0.0.1] com.zaxxer.hikari.HikariDataSource       : HikariPool-1 - Shutdown completed.
2023-08-24 15:42:08.759  INFO 21268 --- [main] com.mainproject.AniplantApplication      : Starting AniplantApplication using Java 17.0.7 on DESKTOP-CTGB9VO with PID 21268 (C:\finalproject\0731\Bootcamp-MainProject-Aniplant\bin\main started by morib in C:\finalproject\0731\Bootcamp-MainProject-Aniplant)
2023-08-24 15:42:08.762  INFO 21268 --- [main] com.mainproject.AniplantApplication      : No active profile set, falling back to 1 default profile: "default"
2023-08-24 15:42:09.804  WARN 21268 --- [main] o.m.s.mapper.ClassPathMapperScanner      : No MyBatis mapper was found in '[com.mainproject]' package. Please check your configuration.
2023-08-24 15:42:10.207  INFO 21268 --- [main] o.s.b.w.embedded.tomcat.TomcatWebServer  : Tomcat initialized with port(s): 8080 (http)
2023-08-24 15:42:10.218  INFO 21268 --- [main] o.apache.catalina.core.StandardService   : Starting service [Tomcat]
2023-08-24 15:42:10.219  INFO 21268 --- [main] org.apache.catalina.core.StandardEngine  : Starting Servlet engine: [Apache Tomcat/9.0.79]
2023-08-24 15:42:10.372  INFO 21268 --- [main] o.a.c.c.C.[Tomcat].[localhost].[/]       : Initializing Spring embedded WebApplicationContext
2023-08-24 15:42:10.372  INFO 21268 --- [main] w.s.c.ServletWebServerApplicationContext : Root WebApplicationContext: initialization completed in 1350 ms
2023-08-24 15:42:11.021  INFO 21268 --- [main] o.s.s.web.DefaultSecurityFilterChain     : Will secure any request with [org.springframework.security.web.session.DisableEncodeUrlFilter@79ab97fd, org.springframework.security.web.context.request.async.WebAsyncManagerIntegrationFilter@3a9b41a0, org.springframework.security.web.context.SecurityContextPersistenceFilter@6ce26986, org.springframework.security.web.header.HeaderWriterFilter@48f2054d, org.springframework.security.web.authentication.logout.LogoutFilter@3bbb8c16, org.springframework.security.web.authentication.UsernamePasswordAuthenticationFilter@2d70f312, org.springframework.security.web.savedrequest.RequestCacheAwareFilter@6d6cd1e0, org.springframework.security.web.servletapi.SecurityContextHolderAwareRequestFilter@76a9a009, org.springframework.security.web.authentication.AnonymousAuthenticationFilter@5fe46d52, org.springframework.security.web.session.SessionManagementFilter@19fbc594, org.springframework.security.web.access.ExceptionTranslationFilter@5520f675, org.springframework.security.web.access.intercept.FilterSecurityInterceptor@1b30a54e]
2023-08-24 15:42:11.311  INFO 21268 --- [main] o.s.b.a.w.s.WelcomePageHandlerMapping    : Adding welcome page template: index
2023-08-24 15:42:11.757  INFO 21268 --- [main] o.s.b.w.embedded.tomcat.TomcatWebServer  : Tomcat started on port(s): 8080 (http) with context path ''
2023-08-24 15:42:11.767  INFO 21268 --- [main] com.mainproject.AniplantApplication      : Started AniplantApplication in 3.452 seconds (JVM running for 4.474)
2023-08-24 15:42:15.136  INFO 21268 --- [http-nio-8080-exec-1] o.a.c.c.C.[Tomcat].[localhost].[/]       : Initializing Spring DispatcherServlet 'dispatcherServlet'
2023-08-24 15:42:15.137  INFO 21268 --- [http-nio-8080-exec-1] o.s.web.servlet.DispatcherServlet        : Initializing Servlet 'dispatcherServlet'
2023-08-24 15:42:15.138  INFO 21268 --- [http-nio-8080-exec-1] o.s.web.servlet.DispatcherServlet        : Completed initialization in 1 ms
2023-08-24 15:42:15.294  WARN 21268 --- [http-nio-8080-exec-1] o.a.c.util.SessionIdGeneratorBase        : Creation of SecureRandom instance for session ID generation using [SHA1PRNG] took [115] milliseconds.
2023-08-24 15:42:26.516  INFO 21268 --- [http-nio-8080-exec-9] com.zaxxer.hikari.HikariDataSource       : HikariPool-1 - Starting...
2023-08-24 15:42:26.742  INFO 21268 --- [http-nio-8080-exec-9] com.zaxxer.hikari.HikariDataSource       : HikariPool-1 - Start completed.
2023-08-24 15:42:27.401  WARN 21268 --- [http-nio-8080-exec-10] n.n.u.t.l.fragments.FragmentProcessor    : You don't need to put the layout:fragment/data-layout-fragment attribute into the <head> section - the decoration process will automatically copy the <head> section of your content templates into your layout page.
2023-08-24 15:45:00.974  INFO 21268 --- [RMI TCP Connection(11)-127.0.0.1] inMXBeanRegistrar$SpringApplicationAdmin : Application shutdown requested.
2023-08-24 15:45:01.012  INFO 21268 --- [RMI TCP Connection(11)-127.0.0.1] o.apache.catalina.core.StandardService   : Stopping service [Tomcat]
2023-08-24 15:45:01.013  INFO 21268 --- [RMI TCP Connection(11)-127.0.0.1] o.a.c.c.C.[Tomcat].[localhost].[/]       : Destroying Spring FrameworkServlet 'dispatcherServlet'
2023-08-24 15:45:01.016  WARN 21268 --- [RMI TCP Connection(11)-127.0.0.1] o.a.c.loader.WebappClassLoaderBase       : The web application [ROOT] appears to have started a thread named [HikariPool-1 housekeeper] but has failed to stop it. This is very likely to create a memory leak. Stack trace of thread:
 java.base@17.0.7/jdk.internal.misc.Unsafe.park(Native Method)
 java.base@17.0.7/java.util.concurrent.locks.LockSupport.parkNanos(LockSupport.java:252)
 java.base@17.0.7/java.util.concurrent.locks.AbstractQueuedSynchronizer$ConditionObject.awaitNanos(AbstractQueuedSynchronizer.java:1672)
 java.base@17.0.7/java.util.concurrent.ScheduledThreadPoolExecutor$DelayedWorkQueue.take(ScheduledThreadPoolExecutor.java:1182)
 java.base@17.0.7/java.util.concurrent.ScheduledThreadPoolExecutor$DelayedWorkQueue.take(ScheduledThreadPoolExecutor.java:899)
 java.base@17.0.7/java.util.concurrent.ThreadPoolExecutor.getTask(ThreadPoolExecutor.java:1062)
 java.base@17.0.7/java.util.concurrent.ThreadPoolExecutor.runWorker(ThreadPoolExecutor.java:1122)
 java.base@17.0.7/java.util.concurrent.ThreadPoolExecutor$Worker.run(ThreadPoolExecutor.java:635)
 java.base@17.0.7/java.lang.Thread.run(Thread.java:833)
2023-08-24 15:45:01.020  INFO 21268 --- [RMI TCP Connection(11)-127.0.0.1] com.zaxxer.hikari.HikariDataSource       : HikariPool-1 - Shutdown initiated...
2023-08-24 15:45:01.029  INFO 21268 --- [RMI TCP Connection(11)-127.0.0.1] com.zaxxer.hikari.HikariDataSource       : HikariPool-1 - Shutdown completed.
